<?xml version="1.0" encoding="UTF-8"?>
<!-- Generated by org.testng.reporters.JUnitReportReporter -->
<testsuite hostname="FEUJI-V005D" failures="0" tests="6" name="com.restassured.test.MockApiTest" time="0.238" errors="0" timestamp="2024-06-05T10:38:38 IST" skipped="0">
  <testcase classname="com.restassured.test.MockApiTest" name="testCreateToken" time="0.141"/>
  <system-out/>
  <testcase classname="com.restassured.test.MockApiTest" name="testGetAllBookingIds" time="0.020"/>
  <system-out/>
  <testcase classname="com.restassured.test.MockApiTest" name="testCreateBooking" time="0.032"/>
  <system-out/>
  <testcase classname="com.restassured.test.MockApiTest" name="testGetBookingById" time="0.013"/>
  <system-out/>
  <testcase classname="com.restassured.test.MockApiTest" name="testUpdateBookingDetails" time="0.015"/>
  <system-out/>
  <testcase classname="com.restassured.test.MockApiTest" name="testDeleteBookingDetails" time="0.017"/>
  <system-out/>
</testsuite> <!-- com.restassured.test.MockApiTest -->
