<?xml version="1.0" encoding="UTF-8"?>
<!-- Generated by org.testng.reporters.JUnitReportReporter -->
<testsuite hostname="FEUJI-V005D" failures="0" tests="6" name="com.restassured.test.ApiBookingTest" time="11.116" errors="0" timestamp="2024-06-05T10:38:38 IST" skipped="0">
  <testcase classname="com.restassured.test.ApiBookingTest" name="testGetToken" time="3.316"/>
  <system-out/>
  <testcase classname="com.restassured.test.ApiBookingTest" name="testGettingAllBookingIds" time="2.420"/>
  <system-out/>
  <testcase classname="com.restassured.test.ApiBookingTest" name="testCreateBooking" time="1.495"/>
  <system-out/>
  <testcase classname="com.restassured.test.ApiBookingTest" name="testGetBookingById" time="1.270"/>
  <system-out/>
  <testcase classname="com.restassured.test.ApiBookingTest" name="testUpdateBookingById" time="1.323"/>
  <system-out/>
  <testcase classname="com.restassured.test.ApiBookingTest" name="testDeleteBooingById" time="1.292"/>
  <system-out/>
</testsuite> <!-- com.restassured.test.ApiBookingTest -->
